<?xml version="1.0" encoding="UTF-8"?>
<testsuite xmlns:xsi="http://www.w3.org/2001/XMLSchema-instance" xsi:noNamespaceSchemaLocation="https://maven.apache.org/surefire/maven-surefire-plugin/xsd/surefire-test-report-3.0.xsd" version="3.0" name="cleancode.CustomerManagerTest" time="0.037" tests="5" errors="0" skipped="0" failures="0">
  <properties>
[...]
</properties>
  <testcase name="shouldAddValidOrder" classname="cleancode.CustomerManagerTest" time="0.013">
    <system-err><![CDATA[dic. 08, 2025 7:46:56 P. M. cleancode.CustomerManager addCustomer
INFORMACIÓN: Added customer: John Doe
dic. 08, 2025 7:46:56 P. M. cleancode.CustomerManager addOrder
INFORMACIÓN: Order added to customer John Doe: Order1
]]></system-err>
  </testcase>
  <testcase name="shouldNotAddNullCustomer" classname="cleancode.CustomerManagerTest" time="0.002">
    <system-err><![CDATA[dic. 08, 2025 7:46:56 P. M. cleancode.CustomerManager addCustomer
ADVERTENCIA: Customer cannot be null.
]]></system-err>
  </testcase>
  <testcase name="shouldAddValidCustomer" classname="cleancode.CustomerManagerTest" time="0.003">
    <system-err><![CDATA[dic. 08, 2025 7:46:56 P. M. cleancode.CustomerManager addCustomer
INFORMACIÓN: Added customer: John Doe
]]></system-err>
  </testcase>
  <testcase name="shouldGenerateReport" classname="cleancode.CustomerManagerTest" time="0.005">
    <system-err><![CDATA[dic. 08, 2025 7:46:56 P. M. cleancode.CustomerManager addCustomer
INFORMACIÓN: Added customer: John Doe
dic. 08, 2025 7:46:56 P. M. cleancode.CustomerManager addOrder
INFORMACIÓN: Order added to customer John Doe: Order1
dic. 08, 2025 7:46:56 P. M. cleancode.CustomerManager generateReport
INFORMACIÓN: Generating Customer Report
dic. 08, 2025 7:46:56 P. M. cleancode.CustomerManager generateReport
INFORMACIÓN: Customer: John Doe
dic. 08, 2025 7:46:56 P. M. cleancode.CustomerManager generateReport
INFORMACIÓN:   Order: Order1
]]></system-err>
  </testcase>
  <testcase name="shouldNotAddOrderToNullCustomer" classname="cleancode.CustomerManagerTest" time="0.002">
    <system-err><![CDATA[dic. 08, 2025 7:46:56 P. M. cleancode.CustomerManager addOrder
ADVERTENCIA: Customer cannot be null.
]]></system-err>
  </testcase>
</testsuite>