<?xml version="1.0" encoding="UTF-8"?>
<testsuite xmlns:xsi="http://www.w3.org/2001/XMLSchema-instance" xsi:noNamespaceSchemaLocation="https://maven.apache.org/surefire/maven-surefire-plugin/xsd/surefire-test-report-3.0.xsd" version="3.0" name="cleancode.CustomerManagerTest" time="0.032" tests="10" errors="0" skipped="0" failures="0">
  <properties>
[...]
</properties>
  <testcase name="shouldNotAddNullOrder" classname="cleancode.CustomerManagerTest" time="0.003"/>
  <testcase name="shouldAddValidOrder" classname="cleancode.CustomerManagerTest" time="0.001"/>
  <testcase name="shouldNotAddNullCustomer" classname="cleancode.CustomerManagerTest" time="0.001"/>
  <testcase name="shouldProcessOrdersForExistingCustomer" classname="cleancode.CustomerManagerTest" time="0.002"/>
  <testcase name="shouldAddValidCustomer" classname="cleancode.CustomerManagerTest" time="0.004"/>
  <testcase name="shouldNotProcessOrdersForNullCustomer" classname="cleancode.CustomerManagerTest" time="0.001"/>
  <testcase name="shouldNotProcessOrdersForNonExistingCustomer" classname="cleancode.CustomerManagerTest" time="0.001"/>
  <testcase name="shouldGenerateReportWithCustomersAndOrders" classname="cleancode.CustomerManagerTest" time="0.001"/>
  <testcase name="shouldProcessOrdersWithNoOrdersInList" classname="cleancode.CustomerManagerTest" time="0.001"/>
  <testcase name="shouldGenerateReportWithEmptyLists" classname="cleancode.CustomerManagerTest" time="0.001"/>
</testsuite>